Determining if the pthread_create exist failed with the following output:
Change Dir: /home/michaela/follow_me/build/CMakeFiles/CMakeTmp

Run Build Command:"/usr/bin/make" "cmTC_e9548/fast"
/usr/bin/make -f CMakeFiles/cmTC_e9548.dir/build.make CMakeFiles/cmTC_e9548.dir/build
make[1]: Verzeichnis „/home/michaela/follow_me/build/CMakeFiles/CMakeTmp“ wird betreten
Building C object CMakeFiles/cmTC_e9548.dir/CheckSymbolExists.c.o
/usr/bin/cc     -o CMakeFiles/cmTC_e9548.dir/CheckSymbolExists.c.o   -c /home/michaela/follow_me/build/CMakeFiles/CMakeTmp/CheckSymbolExists.c
Linking C executable cmTC_e9548
/usr/bin/cmake -E cmake_link_script CMakeFiles/cmTC_e9548.dir/link.txt --verbose=1
/usr/bin/cc       CMakeFiles/cmTC_e9548.dir/CheckSymbolExists.c.o  -o cmTC_e9548 -rdynamic 
CMakeFiles/cmTC_e9548.dir/CheckSymbolExists.c.o: In Funktion `main':
CheckSymbolExists.c:(.text+0x16): Nicht definierter Verweis auf `pthread_create'
collect2: error: ld returned 1 exit status
CMakeFiles/cmTC_e9548.dir/build.make:97: die Regel für Ziel „cmTC_e9548“ scheiterte
make[1]: *** [cmTC_e9548] Fehler 1
make[1]: Verzeichnis „/home/michaela/follow_me/build/CMakeFiles/CMakeTmp“ wird verlassen
Makefile:126: die Regel für Ziel „cmTC_e9548/fast“ scheiterte
make: *** [cmTC_e9548/fast] Fehler 2

File /home/michaela/follow_me/build/CMakeFiles/CMakeTmp/CheckSymbolExists.c:
/* */
#include <pthread.h>

int main(int argc, char** argv)
{
  (void)argv;
#ifndef pthread_create
  return ((int*)(&pthread_create))[argc];
#else
  (void)argc;
  return 0;
#endif
}

Determining if the function pthread_create exists in the pthreads failed with the following output:
Change Dir: /home/michaela/follow_me/build/CMakeFiles/CMakeTmp

Run Build Command:"/usr/bin/make" "cmTC_fd476/fast"
/usr/bin/make -f CMakeFiles/cmTC_fd476.dir/build.make CMakeFiles/cmTC_fd476.dir/build
make[1]: Verzeichnis „/home/michaela/follow_me/build/CMakeFiles/CMakeTmp“ wird betreten
Building C object CMakeFiles/cmTC_fd476.dir/CheckFunctionExists.c.o
/usr/bin/cc    -DCHECK_FUNCTION_EXISTS=pthread_create   -o CMakeFiles/cmTC_fd476.dir/CheckFunctionExists.c.o   -c /usr/share/cmake-3.5/Modules/CheckFunctionExists.c
Linking C executable cmTC_fd476
/usr/bin/cmake -E cmake_link_script CMakeFiles/cmTC_fd476.dir/link.txt --verbose=1
/usr/bin/cc   -DCHECK_FUNCTION_EXISTS=pthread_create    CMakeFiles/cmTC_fd476.dir/CheckFunctionExists.c.o  -o cmTC_fd476 -rdynamic -lpthreads 
/usr/bin/ld: cannot find -lpthreads
collect2: error: ld returned 1 exit status
CMakeFiles/cmTC_fd476.dir/build.make:97: die Regel für Ziel „cmTC_fd476“ scheiterte
make[1]: *** [cmTC_fd476] Fehler 1
make[1]: Verzeichnis „/home/michaela/follow_me/build/CMakeFiles/CMakeTmp“ wird verlassen
Makefile:126: die Regel für Ziel „cmTC_fd476/fast“ scheiterte
make: *** [cmTC_fd476/fast] Fehler 2


